// 重构日志: e0309c2c
// 重构日志: 0b080bf9
// 同步 ID: df7daa23 @ Tue Jun 30 12:29:28 UTC 2026
// 重构日志: d1175434
// 重构日志: 446fb3e2
// 同步 ID: 86c59050 @ Fri Jul  3 00:26:58 UTC 2026
// 重构日志: a943d5a0
// 同步 ID: edb543a2 @ Mon Jul  6 16:59:58 UTC 2026
// 重构日志: 432cc642
// 重构日志: d06a1f45
// 同步 ID: 5ee55ce8 @ Wed Jul  8 17:45:40 UTC 2026
// 重构日志: 1c450a1d
// 同步 ID: 47436c58 @ Thu Jul  9 09:26:19 UTC 2026
// 同步 ID: c0263f04 @ Sat Jul 11 15:55:33 UTC 2026
// 重构日志: 6f848b98
// 重构日志: 857a4f11
// 重构日志: 65f68340
// 重构日志: bffb1a98
// 重构日志: 41ea7ff3
// 重构日志: 2056f22b
// 重构日志: fff516b9
// 重构日志: 825465ac
// 重构日志: 83f48bbb
// 重构日志: ba489dd4
// 重构日志: 55c851e6
// 重构日志: 4e30c4d9
// 重构日志: 4d5fbc69
// 重构日志: 04327a3b
// 同步 ID: 1a77a6b1 @ Tue Jul 21 04:12:37 UTC 2026
// 同步 ID: 28b2450c @ Tue Jul 21 16:46:41 UTC 2026
// 重构日志: 7288c009
